# JRE version: Java(TM) SE Runtime Environment (17.0.12+8) (build 17.0.12+8-LTS-286)
# Java VM: Java HotSpot(TM) 64-Bit Server VM (17.0.12+8-LTS-286, mixed mode, sharing, tiered, compressed oops, compressed class ptrs, g1 gc, windows-amd64)
GC Precious Log:
 CPUs: 2 total, 2 available
 Memory: 3460M
 Large Page Support: Disabled
 NUMA Support: Disabled
 Compressed Oops: Enabled (32-bit)
 Heap Region Size: 1M
 Heap Min Capacity: 8M
 Heap Initial Capacity: 56M
 Heap Max Capacity: 866M
 Pre-touch: Disabled
 Parallel Workers: 2
 Concurrent Workers: 1
 Concurrent Refinement Workers: 2
 Periodic GC: Disabled
Heap:
 garbage-first heap   total 55296K, used 27916K [0x00000000c9e00000, 0x0000000100000000)
  region size 1024K, 5 young (5120K), 2 survivors (2048K)
 Metaspace       used 59723K, committed 60224K, reserved 1114112K
  class space    used 8338K, committed 8576K, reserved 1048576K
GC Heap History (20 events):
Event: 15.745 GC heap before
{Heap before GC invocations=8 (full 0):
 garbage-first heap   total 55296K, used 40379K [0x00000000c9e00000, 0x0000000100000000)
  region size 1024K, 29 young (29696K), 3 survivors (3072K)
 Metaspace       used 25960K, committed 26368K, reserved 1114112K
  class space    used 3471K, committed 3648K, reserved 1048576K
}
Event: 15.753 GC heap after
{Heap after GC invocations=9 (full 0):
 garbage-first heap   total 55296K, used 17337K [0x00000000c9e00000, 0x0000000100000000)
  region size 1024K, 4 young (4096K), 4 survivors (4096K)
 Metaspace       used 25960K, committed 26368K, reserved 1114112K
  class space    used 3471K, committed 3648K, reserved 1048576K
}
Event: 15.826 GC heap before
{Heap before GC invocations=9 (full 0):
 garbage-first heap   total 55296K, used 18361K [0x00000000c9e00000, 0x0000000100000000)
  region size 1024K, 5 young (5120K), 4 survivors (4096K)
 Metaspace       used 26032K, committed 26368K, reserved 1114112K
  class space    used 3480K, committed 3648K, reserved 1048576K
}
Event: 15.835 GC heap after
{Heap after GC invocations=10 (full 0):
 garbage-first heap   total 55296K, used 17749K [0x00000000c9e00000, 0x0000000100000000)
  region size 1024K, 1 young (1024K), 1 survivors (1024K)
 Metaspace       used 26032K, committed 26368K, reserved 1114112K
  class space    used 3480K, committed 3648K, reserved 1048576K
}
Event: 18.737 GC heap before
{Heap before GC invocations=10 (full 0):
 garbage-first heap   total 55296K, used 41301K [0x00000000c9e00000, 0x0000000100000000)
  region size 1024K, 24 young (24576K), 1 survivors (1024K)
 Metaspace       used 28976K, committed 29312K, reserved 1114112K
  class space    used 3885K, committed 4032K, reserved 1048576K
}
Event: 18.741 GC heap after
{Heap after GC invocations=11 (full 0):
 garbage-first heap   total 55296K, used 18731K [0x00000000c9e00000, 0x0000000100000000)
  region size 1024K, 2 young (2048K), 2 survivors (2048K)
 Metaspace       used 28976K, committed 29312K, reserved 1114112K
  class space    used 3885K, committed 4032K, reserved 1048576K
}
Event: 21.413 GC heap before
{Heap before GC invocations=11 (full 0):
 garbage-first heap   total 55296K, used 41259K [0x00000000c9e00000, 0x0000000100000000)
  region size 1024K, 24 young (24576K), 2 survivors (2048K)
 Metaspace       used 33400K, committed 33856K, reserved 1114112K
  class space    used 4460K, committed 4672K, reserved 1048576K
}
Event: 21.421 GC heap after
{Heap after GC invocations=12 (full 0):
 garbage-first heap   total 55296K, used 21323K [0x00000000c9e00000, 0x0000000100000000)
  region size 1024K, 3 young (3072K), 3 survivors (3072K)
 Metaspace       used 33400K, committed 33856K, reserved 1114112K
  class space    used 4460K, committed 4672K, reserved 1048576K
}
Event: 25.033 GC heap before
{Heap before GC invocations=12 (full 0):
 garbage-first heap   total 55296K, used 31563K [0x00000000c9e00000, 0x0000000100000000)
  region size 1024K, 14 young (14336K), 3 survivors (3072K)
 Metaspace       used 35691K, committed 36096K, reserved 1114112K
  class space    used 4777K, committed 4992K, reserved 1048576K
}
Event: 25.053 GC heap after
{Heap after GC invocations=13 (full 0):
 garbage-first heap   total 55296K, used 21983K [0x00000000c9e00000, 0x0000000100000000)
  region size 1024K, 1 young (1024K), 1 survivors (1024K)
 Metaspace       used 35691K, committed 36096K, reserved 1114112K
  class space    used 4777K, committed 4992K, reserved 1048576K
}
Event: 28.137 GC heap before
{Heap before GC invocations=14 (full 0):
 garbage-first heap   total 55296K, used 42463K [0x00000000c9e00000, 0x0000000100000000)
  region size 1024K, 21 young (21504K), 1 survivors (1024K)
 Metaspace       used 39494K, committed 39936K, reserved 1114112K
  class space    used 5443K, committed 5632K, reserved 1048576K
}
Event: 28.143 GC heap after
{Heap after GC invocations=15 (full 0):
 garbage-first heap   total 55296K, used 22668K [0x00000000c9e00000, 0x0000000100000000)
  region size 1024K, 2 young (2048K), 2 survivors (2048K)
 Metaspace       used 39494K, committed 39936K, reserved 1114112K
  class space    used 5443K, committed 5632K, reserved 1048576K
}
Event: 36.028 GC heap before
{Heap before GC invocations=15 (full 0):
 garbage-first heap   total 55296K, used 43148K [0x00000000c9e00000, 0x0000000100000000)
  region size 1024K, 22 young (22528K), 2 survivors (2048K)
 Metaspace       used 46923K, committed 47360K, reserved 1114112K
  class space    used 6396K, committed 6592K, reserved 1048576K
}
Event: 36.033 GC heap after
{Heap after GC invocations=16 (full 0):
 garbage-first heap   total 55296K, used 24039K [0x00000000c9e00000, 0x0000000100000000)
  region size 1024K, 3 young (3072K), 3 survivors (3072K)
 Metaspace       used 46923K, committed 47360K, reserved 1114112K
  class space    used 6396K, committed 6592K, reserved 1048576K
}
Event: 37.238 GC heap before
{Heap before GC invocations=16 (full 0):
 garbage-first heap   total 55296K, used 43495K [0x00000000c9e00000, 0x0000000100000000)
  region size 1024K, 22 young (22528K), 3 survivors (3072K)
 Metaspace       used 50617K, committed 51072K, reserved 1114112K
  class space    used 6859K, committed 7040K, reserved 1048576K
}
Event: 37.250 GC heap after
{Heap after GC invocations=17 (full 0):
 garbage-first heap   total 55296K, used 24682K [0x00000000c9e00000, 0x0000000100000000)
  region size 1024K, 2 young (2048K), 2 survivors (2048K)
 Metaspace       used 50617K, committed 51072K, reserved 1114112K
  class space    used 6859K, committed 7040K, reserved 1048576K
}
Event: 38.342 GC heap before
{Heap before GC invocations=17 (full 0):
 garbage-first heap   total 55296K, used 43114K [0x00000000c9e00000, 0x0000000100000000)
  region size 1024K, 21 young (21504K), 2 survivors (2048K)
 Metaspace       used 55714K, committed 56192K, reserved 1114112K
  class space    used 7731K, committed 7936K, reserved 1048576K
}
Event: 38.349 GC heap after
{Heap after GC invocations=18 (full 0):
 garbage-first heap   total 55296K, used 25444K [0x00000000c9e00000, 0x0000000100000000)
  region size 1024K, 2 young (2048K), 2 survivors (2048K)
 Metaspace       used 55714K, committed 56192K, reserved 1114112K
  class space    used 7731K, committed 7936K, reserved 1048576K
}
Event: 39.343 GC heap before
{Heap before GC invocations=18 (full 0):
 garbage-first heap   total 55296K, used 43876K [0x00000000c9e00000, 0x0000000100000000)
  region size 1024K, 20 young (20480K), 2 survivors (2048K)
 Metaspace       used 59257K, committed 59712K, reserved 1114112K
  class space    used 8266K, committed 8448K, reserved 1048576K
}
Event: 39.355 GC heap after
{Heap after GC invocations=19 (full 0):
 garbage-first heap   total 55296K, used 25868K [0x00000000c9e00000, 0x0000000100000000)
  region size 1024K, 2 young (2048K), 2 survivors (2048K)
 Metaspace       used 59257K, committed 59712K, reserved 1114112K
  class space    used 8266K, committed 8448K, reserved 1048576K
}

